2017-03-01 11:31:28 >>[2_6ACCEDB92F4540078AFEA6B0F6315452]_error:[40003]发送模板消息失败
2017-03-01 11:31:29 >>[2_B6D329288B35467F89AD9032ADCDC451]_error:[40003]发送模板消息失败
2017-03-01 11:31:29 >>[2_67998143E5EC496A9E462C3864F17F5F]_error:[40003]发送模板消息失败
2017-03-01 11:31:29 >>[2_56A95E536DF54488A9B5A6F5A3234852]_error:[40003]发送模板消息失败
2017-03-01 11:31:29 >>[2_E2D8DD7E6D2D47CBA9C61C38B719729E]_error:[40003]发送模板消息失败
2017-03-01 11:31:30 >>[2_7660121904D64F2B90003A2248257802]_error:[40003]发送模板消息失败
2017-03-01 11:31:30 >>[2_AA6F86DC393D4D23911F9922551AB246]_error:[40003]发送模板消息失败
2017-03-01 11:31:30 >>[2_89D17FA3C25F4FD6B8F8D78346EB6C89]_error:[40003]发送模板消息失败
2017-03-01 11:31:30 >>[2_B4D4081F383A4869AA570C41755BD57E]_error:[40003]发送模板消息失败
2017-03-01 11:31:30 >>[2_8BF93E56961440A1BE7C2E36543220B0]_error:[40003]发送模板消息失败
2017-03-01 11:31:31 >>[2_43D97C619D694ECC800D9EEF04F14805]_error:[40003]发送模板消息失败
2017-03-01 11:31:31 >>[2_00C0E414DB954AA7BF853FDF5C311FDB]_error:[40003]发送模板消息失败
2017-03-01 11:31:31 >>[2_017613AE90F34841A0E1E6CB9D6EBF35]_error:[40003]发送模板消息失败
2017-03-01 11:31:31 >>[2_E6CF6DD408FB4AF7B6C49ADC59FDAA2A]_error:[40003]发送模板消息失败
2017-03-01 11:31:31 >>[2_5C189D5490F245A5AB06268F50E784A0]_error:[40003]发送模板消息失败
2017-03-01 11:31:32 >>[2_8614E731544949C8B034827EB2B240C9]_error:[40003]发送模板消息失败
2017-03-01 11:31:32 >>[2_B83CF1CB2BBD44CF840422189791F0F9]_error:[40003]发送模板消息失败
2017-03-01 11:31:38 >>[2_6ACCEDB92F4540078AFEA6B0F6315452]_error:[40003]发送模板消息失败
2017-03-01 11:31:38 >>[2_B6D329288B35467F89AD9032ADCDC451]_error:[40003]发送模板消息失败
2017-03-01 11:31:38 >>[2_67998143E5EC496A9E462C3864F17F5F]_error:[40003]发送模板消息失败
2017-03-01 11:31:38 >>[2_56A95E536DF54488A9B5A6F5A3234852]_error:[40003]发送模板消息失败
2017-03-01 11:31:38 >>[2_E2D8DD7E6D2D47CBA9C61C38B719729E]_error:[40003]发送模板消息失败
2017-03-01 11:31:39 >>[2_7660121904D64F2B90003A2248257802]_error:[40003]发送模板消息失败
2017-03-01 11:31:39 >>[2_AA6F86DC393D4D23911F9922551AB246]_error:[40003]发送模板消息失败
2017-03-01 11:31:39 >>[2_89D17FA3C25F4FD6B8F8D78346EB6C89]_error:[40003]发送模板消息失败
2017-03-01 11:31:39 >>[2_B4D4081F383A4869AA570C41755BD57E]_error:[40003]发送模板消息失败
2017-03-01 11:31:40 >>[2_8BF93E56961440A1BE7C2E36543220B0]_error:[40003]发送模板消息失败
2017-03-01 11:31:40 >>[2_43D97C619D694ECC800D9EEF04F14805]_error:[40003]发送模板消息失败
2017-03-01 11:31:40 >>[2_00C0E414DB954AA7BF853FDF5C311FDB]_error:[40003]发送模板消息失败
2017-03-01 11:31:40 >>[2_017613AE90F34841A0E1E6CB9D6EBF35]_error:[40003]发送模板消息失败
