2017-02-16 20:47:50 >>获取模板信息错误！Expected a ',' or '}' at character 14 of {"njurl":http://api.njga.qq.com/weixin/send_msg?touser=oMZehtxH3soKx1Fl_Fy3mgVHDRXI&template_id=XDAqTfaWD8cSlEbQ3XB6HJlp2M_4s04_SV7qW8rpqv8&ticket=1VxNgyyAgRfY6AHx7vJFNYAWpeAlNGmsUS30RHuJ7LNlBkaaBH6tPoCx_9st1hj0mZqSBzj_dm9T0_NX9lzfYCBSu2AAeVSyBVcEpenbzc8FMneyyjUoKQ&data=%7B%22first%22%3A+%7B%22value%22%3A%22%E7%A7%AF%E5%88%86%E8%90%BD%E6%88%B7%E6%8F%90%E7%A4%BA%EF%BC%81%22%2C%22color%22%3A%22%23173177%22%7D%2C%22keyword1%22%3A%7B%22value%22%3A%22%E5%86%85%E5%AE%B91%22%2C%22color%22%3A%22%23173177%22%7D%2C%22keyword2%22%3A+%7B%22value%22%3A%22%E5%86%85%E5%AE%B92%22%2C%22color%22%3A%22%23173177%22%7D%2C%22remark%22%3A%7B%22value%22%3A%22%E6%8F%90%E9%86%92%E6%97%B6%E9%97%B4%22%2C%22color%22%3A%22%23173177%22%7D%7D},
ok
2017-02-16 20:47:54 >>获取模板信息错误！Expected a ',' or '}' at character 14 of {"njurl":http://api.njga.qq.com/weixin/send_msg?touser=oMZehtxH3soKx1Fl_Fy3mgVHDRXI&template_id=XDAqTfaWD8cSlEbQ3XB6HJlp2M_4s04_SV7qW8rpqv8&ticket=1VxNgyyAgRfY6AHx7vJFNYAWpeAlNGmsUS30RHuJ7LNlBkaaBH6tPoCx_9st1hj0mZqSBzj_dm9T0_NX9lzfYCBSu2AAeVSyBVcEpenbzc8FMneyyjUoKQ&data=%7B%22first%22%3A+%7B%22value%22%3A%22%E7%A7%AF%E5%88%86%E8%90%BD%E6%88%B7%E6%8F%90%E7%A4%BA%EF%BC%81%22%2C%22color%22%3A%22%23173177%22%7D%2C%22keyword1%22%3A%7B%22value%22%3A%22%E5%86%85%E5%AE%B91%22%2C%22color%22%3A%22%23173177%22%7D%2C%22keyword2%22%3A+%7B%22value%22%3A%22%E5%86%85%E5%AE%B92%22%2C%22color%22%3A%22%23173177%22%7D%2C%22remark%22%3A%7B%22value%22%3A%22%E6%8F%90%E9%86%92%E6%97%B6%E9%97%B4%22%2C%22color%22%3A%22%23173177%22%7D%7D},
ok
2017-02-16 20:47:59 >>获取模板信息错误！Expected a ',' or '}' at character 14 of {"njurl":http://api.njga.qq.com/weixin/send_msg?touser=oMZehtxH3soKx1Fl_Fy3mgVHDRXI&template_id=XDAqTfaWD8cSlEbQ3XB6HJlp2M_4s04_SV7qW8rpqv8&ticket=1VxNgyyAgRfY6AHx7vJFNYAWpeAlNGmsUS30RHuJ7LNlBkaaBH6tPoCx_9st1hj0mZqSBzj_dm9T0_NX9lzfYCBSu2AAeVSyBVcEpenbzc8FMneyyjUoKQ&data=%7B%22first%22%3A+%7B%22value%22%3A%22%E7%A7%AF%E5%88%86%E8%90%BD%E6%88%B7%E6%8F%90%E7%A4%BA%EF%BC%81%22%2C%22color%22%3A%22%23173177%22%7D%2C%22keyword1%22%3A%7B%22value%22%3A%22%E5%86%85%E5%AE%B91%22%2C%22color%22%3A%22%23173177%22%7D%2C%22keyword2%22%3A+%7B%22value%22%3A%22%E5%86%85%E5%AE%B92%22%2C%22color%22%3A%22%23173177%22%7D%2C%22remark%22%3A%7B%22value%22%3A%22%E6%8F%90%E9%86%92%E6%97%B6%E9%97%B4%22%2C%22color%22%3A%22%23173177%22%7D%7D},
ok
2017-02-16 20:52:24 >>获取模板信息错误！Expected a ',' or '}' at character 14 of {"njurl":http://api.njga.qq.com/weixin/send_msg?touser=oMZehtxH3soKx1Fl_Fy3mgVHDRXI&template_id=XDAqTfaWD8cSlEbQ3XB6HJlp2M_4s04_SV7qW8rpqv8&ticket=1VxNgyyAgRfY6AHx7vJFNYAWpeAlNGmsUS30RHuJ7LNlBkaaBH6tPoCx_9st1hj0mZqSBzj_dm9T0_NX9lzfYCBSu2AAeVSyBVcEpenbzc8FMneyyjUoKQ&data=%7B%22first%22%3A+%7B%22value%22%3A%22%E7%A7%AF%E5%88%86%E8%90%BD%E6%88%B7%E6%8F%90%E7%A4%BA%EF%BC%81%22%2C%22color%22%3A%22%23173177%22%7D%2C%22keyword1%22%3A%7B%22value%22%3A%22%E5%86%85%E5%AE%B91%22%2C%22color%22%3A%22%23173177%22%7D%2C%22keyword2%22%3A+%7B%22value%22%3A%22%E5%86%85%E5%AE%B92%22%2C%22color%22%3A%22%23173177%22%7D%2C%22remark%22%3A%7B%22value%22%3A%22%E6%8F%90%E9%86%92%E6%97%B6%E9%97%B4%22%2C%22color%22%3A%22%23173177%22%7D%7D},
2017-02-16 20:54:42 >>获取模板信息错误！Expected a ',' or '}' at character 14 of {"njurl":http://api.njga.qq.com/weixin/send_msg?touser=oMZehtxH3soKx1Fl_Fy3mgVHDRXI&template_id=XDAqTfaWD8cSlEbQ3XB6HJlp2M_4s04_SV7qW8rpqv8&ticket=1VxNgyyAgRfY6AHx7vJFNYAWpeAlNGmsUS30RHuJ7LNlBkaaBH6tPoCx_9st1hj0mZqSBzj_dm9T0_NX9lzfYCBSu2AAeVSyBVcEpenbzc8FMneyyjUoKQ&data=%7B%22first%22%3A+%7B%22value%22%3A%22%E7%A7%AF%E5%88%86%E8%90%BD%E6%88%B7%E6%8F%90%E7%A4%BA%EF%BC%81%22%2C%22color%22%3A%22%23173177%22%7D%2C%22keyword1%22%3A%7B%22value%22%3A%22%E5%86%85%E5%AE%B911111%22%2C%22color%22%3A%22%23173177%22%7D%2C%22keyword2%22%3A+%7B%22value%22%3A%22%E5%86%85%E5%AE%B922222%22%2C%22color%22%3A%22%23173177%22%7D%2C%22remark%22%3A%7B%22value%22%3A%22%E6%8F%90%E9%86%92%E6%97%B6%E9%97%B4%22%2C%22color%22%3A%22%23173177%22%7D%7D},{"njurl":http://api.njga.qq.com/weixin/send_msg?touser=oMZehtxH3soKx1Fl_Fy3mgVHDRXI&template_id=XDAqTfaWD8cSlEbQ3XB6HJlp2M_4s04_SV7qW8rpqv8&ticket=1VxNgyyAgRfY6AHx7vJFNYAWpeAlNGmsUS30RHuJ7LNlBkaaBH6tPoCx_9st1hj0mZqSBzj_dm9T0_NX9lzfYCBSu2AAeVSyBVcEpenbzc8FMneyyjUoKQ&data=%7B%22first%22%3A+%7B%22value%22%3A%22%E7%A7%AF%E5%88%86%E8%90%BD%E6%88%B7%E6%8F%90%E7%A4%BA%EF%BC%81%22%2C%22color%22%3A%22%23173177%22%7D%2C%22keyword1%22%3A%7B%22value%22%3A%22%E5%86%85%E5%AE%B91%22%2C%22color%22%3A%22%23173177%22%7D%2C%22keyword2%22%3A+%7B%22value%22%3A%22%E5%86%85%E5%AE%B92%22%2C%22color%22%3A%22%23173177%22%7D%2C%22remark%22%3A%7B%22value%22%3A%22%E6%8F%90%E9%86%92%E6%97%B6%E9%97%B4%22%2C%22color%22%3A%22%23173177%22%7D%7D},
2017-02-16 20:54:47 >>获取模板信息错误！Expected a ',' or '}' at character 14 of {"njurl":http://api.njga.qq.com/weixin/send_msg?touser=oMZehtxH3soKx1Fl_Fy3mgVHDRXI&template_id=XDAqTfaWD8cSlEbQ3XB6HJlp2M_4s04_SV7qW8rpqv8&ticket=1VxNgyyAgRfY6AHx7vJFNYAWpeAlNGmsUS30RHuJ7LNlBkaaBH6tPoCx_9st1hj0mZqSBzj_dm9T0_NX9lzfYCBSu2AAeVSyBVcEpenbzc8FMneyyjUoKQ&data=%7B%22first%22%3A+%7B%22value%22%3A%22%E7%A7%AF%E5%88%86%E8%90%BD%E6%88%B7%E6%8F%90%E7%A4%BA%EF%BC%81%22%2C%22color%22%3A%22%23173177%22%7D%2C%22keyword1%22%3A%7B%22value%22%3A%22%E5%86%85%E5%AE%B911111%22%2C%22color%22%3A%22%23173177%22%7D%2C%22keyword2%22%3A+%7B%22value%22%3A%22%E5%86%85%E5%AE%B922222%22%2C%22color%22%3A%22%23173177%22%7D%2C%22remark%22%3A%7B%22value%22%3A%22%E6%8F%90%E9%86%92%E6%97%B6%E9%97%B4%22%2C%22color%22%3A%22%23173177%22%7D%7D},{"njurl":http://api.njga.qq.com/weixin/send_msg?touser=oMZehtxH3soKx1Fl_Fy3mgVHDRXI&template_id=XDAqTfaWD8cSlEbQ3XB6HJlp2M_4s04_SV7qW8rpqv8&ticket=1VxNgyyAgRfY6AHx7vJFNYAWpeAlNGmsUS30RHuJ7LNlBkaaBH6tPoCx_9st1hj0mZqSBzj_dm9T0_NX9lzfYCBSu2AAeVSyBVcEpenbzc8FMneyyjUoKQ&data=%7B%22first%22%3A+%7B%22value%22%3A%22%E7%A7%AF%E5%88%86%E8%90%BD%E6%88%B7%E6%8F%90%E7%A4%BA%EF%BC%81%22%2C%22color%22%3A%22%23173177%22%7D%2C%22keyword1%22%3A%7B%22value%22%3A%22%E5%86%85%E5%AE%B91%22%2C%22color%22%3A%22%23173177%22%7D%2C%22keyword2%22%3A+%7B%22value%22%3A%22%E5%86%85%E5%AE%B92%22%2C%22color%22%3A%22%23173177%22%7D%2C%22remark%22%3A%7B%22value%22%3A%22%E6%8F%90%E9%86%92%E6%97%B6%E9%97%B4%22%2C%22color%22%3A%22%23173177%22%7D%7D},
2017-02-16 20:55:12 >>获取模板信息错误！Expected a ',' or '}' at character 14 of {"njurl":http://api.njga.qq.com/weixin/send_msg?touser=oMZehtxH3soKx1Fl_Fy3mgVHDRXI&template_id=XDAqTfaWD8cSlEbQ3XB6HJlp2M_4s04_SV7qW8rpqv8&ticket=1VxNgyyAgRfY6AHx7vJFNYAWpeAlNGmsUS30RHuJ7LNlBkaaBH6tPoCx_9st1hj0mZqSBzj_dm9T0_NX9lzfYCBSu2AAeVSyBVcEpenbzc8FMneyyjUoKQ&data=%7B%22first%22%3A+%7B%22value%22%3A%22%E7%A7%AF%E5%88%86%E8%90%BD%E6%88%B7%E6%8F%90%E7%A4%BA%EF%BC%81%22%2C%22color%22%3A%22%23173177%22%7D%2C%22keyword1%22%3A%7B%22value%22%3A%22%E5%86%85%E5%AE%B911111%22%2C%22color%22%3A%22%23173177%22%7D%2C%22keyword2%22%3A+%7B%22value%22%3A%22%E5%86%85%E5%AE%B922222%22%2C%22color%22%3A%22%23173177%22%7D%2C%22remark%22%3A%7B%22value%22%3A%22%E6%8F%90%E9%86%92%E6%97%B6%E9%97%B4%22%2C%22color%22%3A%22%23173177%22%7D%7D}{"njurl":http://api.njga.qq.com/weixin/send_msg?touser=oMZehtxH3soKx1Fl_Fy3mgVHDRXI&template_id=XDAqTfaWD8cSlEbQ3XB6HJlp2M_4s04_SV7qW8rpqv8&ticket=1VxNgyyAgRfY6AHx7vJFNYAWpeAlNGmsUS30RHuJ7LNlBkaaBH6tPoCx_9st1hj0mZqSBzj_dm9T0_NX9lzfYCBSu2AAeVSyBVcEpenbzc8FMneyyjUoKQ&data=%7B%22first%22%3A+%7B%22value%22%3A%22%E7%A7%AF%E5%88%86%E8%90%BD%E6%88%B7%E6%8F%90%E7%A4%BA%EF%BC%81%22%2C%22color%22%3A%22%23173177%22%7D%2C%22keyword1%22%3A%7B%22value%22%3A%22%E5%86%85%E5%AE%B91%22%2C%22color%22%3A%22%23173177%22%7D%2C%22keyword2%22%3A+%7B%22value%22%3A%22%E5%86%85%E5%AE%B92%22%2C%22color%22%3A%22%23173177%22%7D%2C%22remark%22%3A%7B%22value%22%3A%22%E6%8F%90%E9%86%92%E6%97%B6%E9%97%B4%22%2C%22color%22%3A%22%23173177%22%7D%7D}
2017-02-16 20:55:17 >>获取模板信息错误！Expected a ',' or '}' at character 14 of {"njurl":http://api.njga.qq.com/weixin/send_msg?touser=oMZehtxH3soKx1Fl_Fy3mgVHDRXI&template_id=XDAqTfaWD8cSlEbQ3XB6HJlp2M_4s04_SV7qW8rpqv8&ticket=1VxNgyyAgRfY6AHx7vJFNYAWpeAlNGmsUS30RHuJ7LNlBkaaBH6tPoCx_9st1hj0mZqSBzj_dm9T0_NX9lzfYCBSu2AAeVSyBVcEpenbzc8FMneyyjUoKQ&data=%7B%22first%22%3A+%7B%22value%22%3A%22%E7%A7%AF%E5%88%86%E8%90%BD%E6%88%B7%E6%8F%90%E7%A4%BA%EF%BC%81%22%2C%22color%22%3A%22%23173177%22%7D%2C%22keyword1%22%3A%7B%22value%22%3A%22%E5%86%85%E5%AE%B911111%22%2C%22color%22%3A%22%23173177%22%7D%2C%22keyword2%22%3A+%7B%22value%22%3A%22%E5%86%85%E5%AE%B922222%22%2C%22color%22%3A%22%23173177%22%7D%2C%22remark%22%3A%7B%22value%22%3A%22%E6%8F%90%E9%86%92%E6%97%B6%E9%97%B4%22%2C%22color%22%3A%22%23173177%22%7D%7D}{"njurl":http://api.njga.qq.com/weixin/send_msg?touser=oMZehtxH3soKx1Fl_Fy3mgVHDRXI&template_id=XDAqTfaWD8cSlEbQ3XB6HJlp2M_4s04_SV7qW8rpqv8&ticket=1VxNgyyAgRfY6AHx7vJFNYAWpeAlNGmsUS30RHuJ7LNlBkaaBH6tPoCx_9st1hj0mZqSBzj_dm9T0_NX9lzfYCBSu2AAeVSyBVcEpenbzc8FMneyyjUoKQ&data=%7B%22first%22%3A+%7B%22value%22%3A%22%E7%A7%AF%E5%88%86%E8%90%BD%E6%88%B7%E6%8F%90%E7%A4%BA%EF%BC%81%22%2C%22color%22%3A%22%23173177%22%7D%2C%22keyword1%22%3A%7B%22value%22%3A%22%E5%86%85%E5%AE%B91%22%2C%22color%22%3A%22%23173177%22%7D%2C%22keyword2%22%3A+%7B%22value%22%3A%22%E5%86%85%E5%AE%B92%22%2C%22color%22%3A%22%23173177%22%7D%2C%22remark%22%3A%7B%22value%22%3A%22%E6%8F%90%E9%86%92%E6%97%B6%E9%97%B4%22%2C%22color%22%3A%22%23173177%22%7D%7D}
2017-02-16 20:55:58 >>获取模板信息错误！JSONObject["count"] not found.
2017-02-16 20:56:03 >>获取模板信息错误！JSONObject["count"] not found.
2017-02-16 20:56:08 >>获取模板信息错误！JSONObject["count"] not found.
2017-02-16 20:56:13 >>获取模板信息错误！JSONObject["count"] not found.
2017-02-16 20:56:42 >>error:Server returned HTTP response code: 500 for URL: http://192.168.16.233:9094/szpt/jflhweixin_service/jflhweixin_server.jsp
2017-02-16 20:56:42 >>获取模板信息失败！
2017-02-16 20:56:47 >>error:Server returned HTTP response code: 500 for URL: http://192.168.16.233:9094/szpt/jflhweixin_service/jflhweixin_server.jsp
2017-02-16 20:56:47 >>获取模板信息失败！
2017-02-16 20:56:52 >>error:Server returned HTTP response code: 500 for URL: http://192.168.16.233:9094/szpt/jflhweixin_service/jflhweixin_server.jsp
2017-02-16 20:56:52 >>获取模板信息失败！
2017-02-16 20:56:57 >>error:Server returned HTTP response code: 500 for URL: http://192.168.16.233:9094/szpt/jflhweixin_service/jflhweixin_server.jsp
2017-02-16 20:56:57 >>获取模板信息失败！
2017-02-16 21:00:10 >>获取模板信息错误！JSONObject["count"] not found.
2017-02-16 21:00:15 >>获取模板信息错误！JSONObject["count"] not found.
2017-02-16 21:00:20 >>获取模板信息错误！JSONObject["count"] not found.
2017-02-16 21:00:25 >>获取模板信息错误！JSONObject["count"] not found.
2017-02-16 21:01:19 >>获取模板信息错误！JSONObject["count"] not found.
2017-02-16 21:01:24 >>获取模板信息错误！JSONObject["count"] not found.
2017-02-16 21:02:23 >>获取模板信息错误！JSONObject["count"] not found.
2017-02-16 21:02:28 >>获取模板信息错误！JSONObject["count"] not found.
2017-02-16 21:02:45 >>获取模板信息错误！JSONObject["count"] not found.
2017-02-16 21:02:50 >>获取模板信息错误！JSONObject["count"] not found.
2017-02-16 21:02:55 >>获取模板信息错误！JSONObject["count"] not found.
2017-02-16 21:03:00 >>获取模板信息错误！JSONObject["count"] not found.
2017-02-16 21:04:33 >>获取模板信息错误！JSONObject["count"] not found.
2017-02-16 21:04:38 >>获取模板信息错误！JSONObject["count"] not found.
2017-02-16 21:06:55 >>获取模板信息错误！JSONObject["count"] not found.
2017-02-16 21:06:59 >>获取模板信息错误！JSONObject["count"] not found.
2017-02-16 21:08:15 >>获取模板信息错误！JSONObject["count"] not found.
2017-02-16 21:08:20 >>获取模板信息错误！JSONObject["count"] not found.
2017-02-16 21:09:50 >>[2_000044]_error:[40003]invalid openid hint: [anl.lA0590ge25]
2017-02-16 21:09:50 >>[2_000002]_error:[40003]invalid openid hint: [gMaTSA0590ge21]
2017-02-16 21:12:02 >>获取模板信息错误！JSONObject["openid"] not found.
2017-02-16 21:12:06 >>获取模板信息错误！JSONObject["openid"] not found.
2017-02-16 21:12:53 >>获取模板信息错误！JSONObject["openid"] not found.
2017-02-16 21:12:58 >>获取模板信息错误！JSONObject["openid"] not found.
2017-02-16 21:14:58 >>获取模板信息错误！JSONObject["openid"] not found.
2017-02-16 21:15:09 >>获取模板信息错误！JSONObject["openid"] not found.
2017-02-16 22:02:40 >>获取模板信息错误！Expected a ',' or ']' at character 949 of {"count":2,"access_token":"1VxNgyyAgRfY6AHx7vJFNYAWpeAlNGmsUS30RHuJ7LNlBkaaBH6tPoCx_9st1hj0mZqSBzj_dm9T0_NX9lzfYCBSu2AAeVSyBVcEpenbzc8FMneyyjUoKQ","tmdata":[{"njurl":"http://api.njga.qq.com/weixin/send_msg?touser=oMZehtxH3soKx1Fl_Fy3mgVHDRXI&template_id=XDAqTfaWD8cSlEbQ3XB6HJlp2M_4s04_SV7qW8rpqv8&ticket=1VxNgyyAgRfY6AHx7vJFNYAWpeAlNGmsUS30RHuJ7LNlBkaaBH6tPoCx_9st1hj0mZqSBzj_dm9T0_NX9lzfYCBSu2AAeVSyBVcEpenbzc8FMneyyjUoKQ&data=%7B%22first%22%3A+%7B%22value%22%3A%22%E7%A7%AF%E5%88%86%E8%90%BD%E6%88%B7%E6%8F%90%E7%A4%BA%EF%BC%81%22%2C%22color%22%3A%22%23173177%22%7D%2C%22keyword1%22%3A%7B%22value%22%3A%22%E5%86%85%E5%AE%B911111%22%2C%22color%22%3A%22%23173177%22%7D%2C%22keyword2%22%3A+%7B%22value%22%3A%22%E5%86%85%E5%AE%B922222%22%2C%22color%22%3A%22%23173177%22%7D%2C%22remark%22%3A%7B%22value%22%3A%22%E6%8F%90%E9%86%92%E6%97%B6%E9%97%B4%22%2C%22color%22%3A%22%23173177%22%7D%7D","msgid":"XDAqTfaWD8cSlEbQ3XB6HJlp2M_4s04_SV7qW8rpqv8"},"},{"njurl":"http://api.njga.qq.com/weixin/send_msg?touser=oMZehtxH3soKx1Fl_Fy3mgVHDRXI&template_id=XDAqTfaWD8cSlEbQ3XB6HJlp2M_4s04_SV7qW8rpqv8&ticket=1VxNgyyAgRfY6AHx7vJFNYAWpeAlNGmsUS30RHuJ7LNlBkaaBH6tPoCx_9st1hj0mZqSBzj_dm9T0_NX9lzfYCBSu2AAeVSyBVcEpenbzc8FMneyyjUoKQ&data=%7B%22first%22%3A+%7B%22value%22%3A%22%E7%A7%AF%E5%88%86%E8%90%BD%E6%88%B7%E6%8F%90%E7%A4%BA%EF%BC%81%22%2C%22color%22%3A%22%23173177%22%7D%2C%22keyword1%22%3A%7B%22value%22%3A%22%E5%86%85%E5%AE%B91%22%2C%22color%22%3A%22%23173177%22%7D%2C%22keyword2%22%3A+%7B%22value%22%3A%22%E5%86%85%E5%AE%B92%22%2C%22color%22%3A%22%23173177%22%7D%2C%22remark%22%3A%7B%22value%22%3A%22%E6%8F%90%E9%86%92%E6%97%B6%E9%97%B4%22%2C%22color%22%3A%22%23173177%22%7D%7D","msgid":"XDAqTfaWD8cSlEbQ3XB6HJlp2M_4s04_SV7qW8rpqv8"},"}]}
2017-02-16 22:02:45 >>获取模板信息错误！Expected a ',' or ']' at character 949 of {"count":2,"access_token":"1VxNgyyAgRfY6AHx7vJFNYAWpeAlNGmsUS30RHuJ7LNlBkaaBH6tPoCx_9st1hj0mZqSBzj_dm9T0_NX9lzfYCBSu2AAeVSyBVcEpenbzc8FMneyyjUoKQ","tmdata":[{"njurl":"http://api.njga.qq.com/weixin/send_msg?touser=oMZehtxH3soKx1Fl_Fy3mgVHDRXI&template_id=XDAqTfaWD8cSlEbQ3XB6HJlp2M_4s04_SV7qW8rpqv8&ticket=1VxNgyyAgRfY6AHx7vJFNYAWpeAlNGmsUS30RHuJ7LNlBkaaBH6tPoCx_9st1hj0mZqSBzj_dm9T0_NX9lzfYCBSu2AAeVSyBVcEpenbzc8FMneyyjUoKQ&data=%7B%22first%22%3A+%7B%22value%22%3A%22%E7%A7%AF%E5%88%86%E8%90%BD%E6%88%B7%E6%8F%90%E7%A4%BA%EF%BC%81%22%2C%22color%22%3A%22%23173177%22%7D%2C%22keyword1%22%3A%7B%22value%22%3A%22%E5%86%85%E5%AE%B911111%22%2C%22color%22%3A%22%23173177%22%7D%2C%22keyword2%22%3A+%7B%22value%22%3A%22%E5%86%85%E5%AE%B922222%22%2C%22color%22%3A%22%23173177%22%7D%2C%22remark%22%3A%7B%22value%22%3A%22%E6%8F%90%E9%86%92%E6%97%B6%E9%97%B4%22%2C%22color%22%3A%22%23173177%22%7D%7D","msgid":"XDAqTfaWD8cSlEbQ3XB6HJlp2M_4s04_SV7qW8rpqv8"},"},{"njurl":"http://api.njga.qq.com/weixin/send_msg?touser=oMZehtxH3soKx1Fl_Fy3mgVHDRXI&template_id=XDAqTfaWD8cSlEbQ3XB6HJlp2M_4s04_SV7qW8rpqv8&ticket=1VxNgyyAgRfY6AHx7vJFNYAWpeAlNGmsUS30RHuJ7LNlBkaaBH6tPoCx_9st1hj0mZqSBzj_dm9T0_NX9lzfYCBSu2AAeVSyBVcEpenbzc8FMneyyjUoKQ&data=%7B%22first%22%3A+%7B%22value%22%3A%22%E7%A7%AF%E5%88%86%E8%90%BD%E6%88%B7%E6%8F%90%E7%A4%BA%EF%BC%81%22%2C%22color%22%3A%22%23173177%22%7D%2C%22keyword1%22%3A%7B%22value%22%3A%22%E5%86%85%E5%AE%B91%22%2C%22color%22%3A%22%23173177%22%7D%2C%22keyword2%22%3A+%7B%22value%22%3A%22%E5%86%85%E5%AE%B92%22%2C%22color%22%3A%22%23173177%22%7D%2C%22remark%22%3A%7B%22value%22%3A%22%E6%8F%90%E9%86%92%E6%97%B6%E9%97%B4%22%2C%22color%22%3A%22%23173177%22%7D%7D","msgid":"XDAqTfaWD8cSlEbQ3XB6HJlp2M_4s04_SV7qW8rpqv8"},"}]}
2017-02-16 22:03:49 >>[_]_error:[2002]ticket expire
2017-02-16 22:03:49 >>[_]_error:[2002]ticket expire
2017-02-16 22:03:53 >>[_]_error:[2002]ticket expire
2017-02-16 22:03:53 >>[_]_error:[2002]ticket expire
2017-02-16 22:04:31 >>[_]_error:[0]success
2017-02-16 22:04:32 >>[_]_error:[0]success
2017-02-16 22:04:36 >>[_]_error:[0]success
2017-02-16 22:04:36 >>[_]_error:[0]success
2017-02-16 22:10:46 >>[_]_error:[0]success
2017-02-16 22:10:46 >>[_]_error:[0]success
2017-02-16 22:10:51 >>[_]_error:[0]success
2017-02-16 22:10:51 >>[_]_error:[0]success
2017-02-16 22:19:44 >>获取模板信息错误！Expected a ',' or '}' at character 942 of {"count":2,"access_token":"vdgywqN05_dAvqWz8hzFsYAWpeAlNGmsUS30RHuJ7LNlBkaaBH6tPoCx_9st1hj0mZqSBzj_dm9T0_NX9lzfYCBSu2AAeVSyBVcEpenbzc8FMneyyjUoKQ","tmdata":[{"njurl":"http://api.njga.qq.com/weixin/send_msg?touser=oMZehtxH3soKx1Fl_Fy3mgVHDRXI&template_id=XDAqTfaWD8cSlEbQ3XB6HJlp2M_4s04_SV7qW8rpqv8&ticket=vdgywqN05_dAvqWz8hzFsYAWpeAlNGmsUS30RHuJ7LNlBkaaBH6tPoCx_9st1hj0mZqSBzj_dm9T0_NX9lzfYCBSu2AAeVSyBVcEpenbzc8FMneyyjUoKQ&data=%7B%22first%22%3A+%7B%22value%22%3A%22%E7%A7%AF%E5%88%86%E8%90%BD%E6%88%B7%E6%8F%90%E7%A4%BA%EF%BC%81%22%2C%22color%22%3A%22%23173177%22%7D%2C%22keyword1%22%3A%7B%22value%22%3A%22%E5%86%85%E5%AE%B911111%22%2C%22color%22%3A%22%23173177%22%7D%2C%22keyword2%22%3A+%7B%22value%22%3A%22%E5%86%85%E5%AE%B922222%22%2C%22color%22%3A%22%23173177%22%7D%2C%22remark%22%3A%7B%22value%22%3A%22%E6%8F%90%E9%86%92%E6%97%B6%E9%97%B4%22%2C%22color%22%3A%22%23173177%22%7D%7D","msgid":"XDAqTfaWD8cSlEbQ3XB6HJlp2M_4s04_SV7qW8rpqv8"","sno":"000044"},{"njurl":"http://api.njga.qq.com/weixin/send_msg?touser=oMZehtxH3soKx1Fl_Fy3mgVHDRXI&template_id=XDAqTfaWD8cSlEbQ3XB6HJlp2M_4s04_SV7qW8rpqv8&ticket=vdgywqN05_dAvqWz8hzFsYAWpeAlNGmsUS30RHuJ7LNlBkaaBH6tPoCx_9st1hj0mZqSBzj_dm9T0_NX9lzfYCBSu2AAeVSyBVcEpenbzc8FMneyyjUoKQ&data=%7B%22first%22%3A+%7B%22value%22%3A%22%E7%A7%AF%E5%88%86%E8%90%BD%E6%88%B7%E6%8F%90%E7%A4%BA%EF%BC%81%22%2C%22color%22%3A%22%23173177%22%7D%2C%22keyword1%22%3A%7B%22value%22%3A%22%E5%86%85%E5%AE%B91%22%2C%22color%22%3A%22%23173177%22%7D%2C%22keyword2%22%3A+%7B%22value%22%3A%22%E5%86%85%E5%AE%B92%22%2C%22color%22%3A%22%23173177%22%7D%2C%22remark%22%3A%7B%22value%22%3A%22%E6%8F%90%E9%86%92%E6%97%B6%E9%97%B4%22%2C%22color%22%3A%22%23173177%22%7D%7D","msgid":"XDAqTfaWD8cSlEbQ3XB6HJlp2M_4s04_SV7qW8rpqv8"","sno":"000002"}]}
2017-02-16 22:20:40 >>获取模板信息错误！JSONObject["turl"] not found.
2017-02-16 22:20:45 >>获取模板信息错误！JSONObject["turl"] not found.
